\BOOKMARK [0][-]{chapter.1}{\376\377\0001\000\040\000D\000a\000g\000o\000r\000-\000i\000n\000-\000E\000r\000a\000i\000n}{}% 1
\BOOKMARK [0][-]{chapter.2}{\376\377\0002\000\040\000N\000a\000m\000e\000s\000p\000a\000c\000e\000\040\000I\000n\000d\000e\000x}{}% 2
\BOOKMARK [1][-]{section.2.1}{\376\377\0002\000.\0001\000\040\000N\000a\000m\000e\000s\000p\000a\000c\000e\000\040\000L\000i\000s\000t}{chapter.2}% 3
\BOOKMARK [0][-]{chapter.3}{\376\377\0003\000\040\000C\000l\000a\000s\000s\000\040\000I\000n\000d\000e\000x}{}% 4
\BOOKMARK [1][-]{section.3.1}{\376\377\0003\000.\0001\000\040\000C\000l\000a\000s\000s\000\040\000L\000i\000s\000t}{chapter.3}% 5
\BOOKMARK [0][-]{chapter.4}{\376\377\0004\000\040\000F\000i\000l\000e\000\040\000I\000n\000d\000e\000x}{}% 6
\BOOKMARK [1][-]{section.4.1}{\376\377\0004\000.\0001\000\040\000F\000i\000l\000e\000\040\000L\000i\000s\000t}{chapter.4}% 7
\BOOKMARK [0][-]{chapter.5}{\376\377\0005\000\040\000N\000a\000m\000e\000s\000p\000a\000c\000e\000\040\000D\000o\000c\000u\000m\000e\000n\000t\000a\000t\000i\000o\000n}{}% 8
\BOOKMARK [1][-]{section.5.1}{\376\377\0005\000.\0001\000\040\000D\000a\000g\000o\000r\000\040\000N\000a\000m\000e\000s\000p\000a\000c\000e\000\040\000R\000e\000f\000e\000r\000e\000n\000c\000e}{chapter.5}% 9
\BOOKMARK [1][-]{section.5.2}{\376\377\0005\000.\0002\000\040\000D\000a\000g\000o\000r\000:\000:\000B\000i\000t\000B\000o\000a\000r\000d\000\040\000N\000a\000m\000e\000s\000p\000a\000c\000e\000\040\000R\000e\000f\000e\000r\000e\000n\000c\000e}{chapter.5}% 10
\BOOKMARK [2][-]{subsection.5.2.1}{\376\377\0005\000.\0002\000.\0001\000\040\000F\000u\000n\000c\000t\000i\000o\000n\000\040\000D\000o\000c\000u\000m\000e\000n\000t\000a\000t\000i\000o\000n}{section.5.2}% 11
\BOOKMARK [3][-]{subsubsection.5.2.1.1}{\376\377\0005\000.\0002\000.\0001\000.\0001\000\040\000o\000p\000e\000r\000a\000t\000o\000r\000\046\000\050\000\051}{subsection.5.2.1}% 12
\BOOKMARK [3][-]{subsubsection.5.2.1.2}{\376\377\0005\000.\0002\000.\0001\000.\0002\000\040\000o\000p\000e\000r\000a\000t\000o\000r\000<\000<\000\050\000\051}{subsection.5.2.1}% 13
\BOOKMARK [3][-]{subsubsection.5.2.1.3}{\376\377\0005\000.\0002\000.\0001\000.\0003\000\040\000o\000p\000e\000r\000a\000t\000o\000r\000=\000=\000\050\000\051}{subsection.5.2.1}% 14
\BOOKMARK [3][-]{subsubsection.5.2.1.4}{\376\377\0005\000.\0002\000.\0001\000.\0004\000\040\000o\000p\000e\000r\000a\000t\000o\000r\000|\000\050\000\051}{subsection.5.2.1}% 15
\BOOKMARK [3][-]{subsubsection.5.2.1.5}{\376\377\0005\000.\0002\000.\0001\000.\0005\000\040\000o\000p\000e\000r\000a\000t\000o\000r\000~\000\050\000\051}{subsection.5.2.1}% 16
\BOOKMARK [2][-]{subsection.5.2.2}{\376\377\0005\000.\0002\000.\0002\000\040\000V\000a\000r\000i\000a\000b\000l\000e\000\040\000D\000o\000c\000u\000m\000e\000n\000t\000a\000t\000i\000o\000n}{section.5.2}% 17
\BOOKMARK [3][-]{subsubsection.5.2.2.1}{\376\377\0005\000.\0002\000.\0002\000.\0001\000\040\000e\000d\000g\000e\000s\000O\000n\000l\000y}{subsection.5.2.2}% 18
\BOOKMARK [1][-]{section.5.3}{\376\377\0005\000.\0003\000\040\000D\000a\000g\000o\000r\000:\000:\000B\000o\000a\000r\000d\000\040\000N\000a\000m\000e\000s\000p\000a\000c\000e\000\040\000R\000e\000f\000e\000r\000e\000n\000c\000e}{chapter.5}% 19
\BOOKMARK [2][-]{subsection.5.3.1}{\376\377\0005\000.\0003\000.\0001\000\040\000E\000n\000u\000m\000e\000r\000a\000t\000i\000o\000n\000\040\000T\000y\000p\000e\000\040\000D\000o\000c\000u\000m\000e\000n\000t\000a\000t\000i\000o\000n}{section.5.3}% 20
\BOOKMARK [3][-]{subsubsection.5.3.1.1}{\376\377\0005\000.\0003\000.\0001\000.\0001\000\040\000C\000o\000m\000p\000a\000s\000s\000O\000f\000f\000s\000e\000t\000s}{subsection.5.3.1}% 21
\BOOKMARK [3][-]{subsubsection.5.3.1.2}{\376\377\0005\000.\0003\000.\0001\000.\0002\000\040\000S\000q\000u\000a\000r\000e}{subsection.5.3.1}% 22
\BOOKMARK [2][-]{subsection.5.3.2}{\376\377\0005\000.\0003\000.\0002\000\040\000F\000u\000n\000c\000t\000i\000o\000n\000\040\000D\000o\000c\000u\000m\000e\000n\000t\000a\000t\000i\000o\000n}{section.5.3}% 23
\BOOKMARK [3][-]{subsubsection.5.3.2.1}{\376\377\0005\000.\0003\000.\0002\000.\0001\000\040\000f\000i\000l\000e\000\050\000\051}{subsection.5.3.2}% 24
\BOOKMARK [3][-]{subsubsection.5.3.2.2}{\376\377\0005\000.\0003\000.\0002\000.\0002\000\040\000f\000i\000l\000e\000\137\000n\000a\000m\000e\000\050\000\051}{subsection.5.3.2}% 25
\BOOKMARK [3][-]{subsubsection.5.3.2.3}{\376\377\0005\000.\0003\000.\0002\000.\0003\000\040\000i\000n\000d\000e\000x\000\050\000\051}{subsection.5.3.2}% 26
\BOOKMARK [3][-]{subsubsection.5.3.2.4}{\376\377\0005\000.\0003\000.\0002\000.\0004\000\040\000r\000a\000n\000k\000\050\000\051}{subsection.5.3.2}% 27
\BOOKMARK [2][-]{subsection.5.3.3}{\376\377\0005\000.\0003\000.\0003\000\040\000V\000a\000r\000i\000a\000b\000l\000e\000\040\000D\000o\000c\000u\000m\000e\000n\000t\000a\000t\000i\000o\000n}{section.5.3}% 28
\BOOKMARK [3][-]{subsubsection.5.3.3.1}{\376\377\0005\000.\0003\000.\0003\000.\0001\000\040\000s\000i\000z\000e}{subsection.5.3.3}% 29
\BOOKMARK [3][-]{subsubsection.5.3.3.2}{\376\377\0005\000.\0003\000.\0003\000.\0002\000\040\000w\000i\000d\000t\000h}{subsection.5.3.3}% 30
\BOOKMARK [1][-]{section.5.4}{\376\377\0005\000.\0004\000\040\000D\000a\000g\000o\000r\000:\000:\000M\000o\000v\000e\000T\000a\000b\000l\000e\000s\000\040\000N\000a\000m\000e\000s\000p\000a\000c\000e\000\040\000R\000e\000f\000e\000r\000e\000n\000c\000e}{chapter.5}% 31
\BOOKMARK [2][-]{subsection.5.4.1}{\376\377\0005\000.\0004\000.\0001\000\040\000V\000a\000r\000i\000a\000b\000l\000e\000\040\000D\000o\000c\000u\000m\000e\000n\000t\000a\000t\000i\000o\000n}{section.5.4}% 32
\BOOKMARK [3][-]{subsubsection.5.4.1.1}{\376\377\0005\000.\0004\000.\0001\000.\0001\000\040\000b\000i\000s\000h\000o\000p\000H\000a\000s\000h\000e\000s}{subsection.5.4.1}% 33
\BOOKMARK [3][-]{subsubsection.5.4.1.2}{\376\377\0005\000.\0004\000.\0001\000.\0002\000\040\000k\000i\000n\000g\000M\000o\000v\000e\000s}{subsection.5.4.1}% 34
\BOOKMARK [3][-]{subsubsection.5.4.1.3}{\376\377\0005\000.\0004\000.\0001\000.\0003\000\040\000k\000n\000i\000g\000h\000t\000M\000o\000v\000e\000s}{subsection.5.4.1}% 35
\BOOKMARK [3][-]{subsubsection.5.4.1.4}{\376\377\0005\000.\0004\000.\0001\000.\0004\000\040\000p\000a\000w\000n\000A\000t\000t\000a\000c\000k\000s}{subsection.5.4.1}% 36
\BOOKMARK [3][-]{subsubsection.5.4.1.5}{\376\377\0005\000.\0004\000.\0001\000.\0005\000\040\000r\000o\000o\000k\000H\000a\000s\000h\000e\000s}{subsection.5.4.1}% 37
\BOOKMARK [3][-]{subsubsection.5.4.1.6}{\376\377\0005\000.\0004\000.\0001\000.\0006\000\040\000s\000l\000i\000d\000i\000n\000g\000M\000o\000v\000e\000s}{subsection.5.4.1}% 38
\BOOKMARK [0][-]{chapter.6}{\376\377\0006\000\040\000C\000l\000a\000s\000s\000\040\000D\000o\000c\000u\000m\000e\000n\000t\000a\000t\000i\000o\000n}{}% 39
\BOOKMARK [1][-]{section.6.1}{\376\377\0006\000.\0001\000\040\000D\000a\000g\000o\000r\000:\000:\000B\000i\000t\000B\000o\000a\000r\000d\000:\000:\000B\000i\000t\000B\000o\000a\000r\000d\000\040\000C\000l\000a\000s\000s\000\040\000R\000e\000f\000e\000r\000e\000n\000c\000e}{chapter.6}% 40
\BOOKMARK [2][-]{subsection.6.1.1}{\376\377\0006\000.\0001\000.\0001\000\040\000D\000e\000t\000a\000i\000l\000e\000d\000\040\000D\000e\000s\000c\000r\000i\000p\000t\000i\000o\000n}{section.6.1}% 41
\BOOKMARK [2][-]{subsection.6.1.2}{\376\377\0006\000.\0001\000.\0002\000\040\000C\000o\000n\000s\000t\000r\000u\000c\000t\000o\000r\000\040\000\046\000\040\000D\000e\000s\000t\000r\000u\000c\000t\000o\000r\000\040\000D\000o\000c\000u\000m\000e\000n\000t\000a\000t\000i\000o\000n}{section.6.1}% 42
\BOOKMARK [3][-]{subsubsection.6.1.2.1}{\376\377\0006\000.\0001\000.\0002\000.\0001\000\040\000B\000i\000t\000B\000o\000a\000r\000d\000\050\000\051\000\040\000[\0001\000/\0002\000]}{subsection.6.1.2}% 43
\BOOKMARK [3][-]{subsubsection.6.1.2.2}{\376\377\0006\000.\0001\000.\0002\000.\0002\000\040\000B\000i\000t\000B\000o\000a\000r\000d\000\050\000\051\000\040\000[\0002\000/\0002\000]}{subsection.6.1.2}% 44
\BOOKMARK [2][-]{subsection.6.1.3}{\376\377\0006\000.\0001\000.\0003\000\040\000M\000e\000m\000b\000e\000r\000\040\000F\000u\000n\000c\000t\000i\000o\000n\000\040\000D\000o\000c\000u\000m\000e\000n\000t\000a\000t\000i\000o\000n}{section.6.1}% 45
\BOOKMARK [3][-]{subsubsection.6.1.3.1}{\376\377\0006\000.\0001\000.\0003\000.\0001\000\040\000a\000s\000\137\000u\000i\000n\000t\000\050\000\051}{subsection.6.1.3}% 46
\BOOKMARK [3][-]{subsubsection.6.1.3.2}{\376\377\0006\000.\0001\000.\0003\000.\0002\000\040\000f\000i\000n\000d\000F\000i\000r\000s\000t\000S\000e\000t\000\050\000\051}{subsection.6.1.3}% 47
\BOOKMARK [3][-]{subsubsection.6.1.3.3}{\376\377\0006\000.\0001\000.\0003\000.\0003\000\040\000i\000s\000\137\000e\000m\000p\000t\000y\000\050\000\051}{subsection.6.1.3}% 48
\BOOKMARK [3][-]{subsubsection.6.1.3.4}{\376\377\0006\000.\0001\000.\0003\000.\0004\000\040\000i\000s\000\137\000s\000e\000t\000\050\000\051}{subsection.6.1.3}% 49
\BOOKMARK [3][-]{subsubsection.6.1.3.5}{\376\377\0006\000.\0001\000.\0003\000.\0005\000\040\000o\000p\000e\000r\000a\000t\000o\000r\000\046\000=\000\050\000\051}{subsection.6.1.3}% 50
\BOOKMARK [3][-]{subsubsection.6.1.3.6}{\376\377\0006\000.\0001\000.\0003\000.\0006\000\040\000o\000p\000e\000r\000a\000t\000o\000r\000|\000=\000\050\000\051}{subsection.6.1.3}% 51
\BOOKMARK [3][-]{subsubsection.6.1.3.7}{\376\377\0006\000.\0001\000.\0003\000.\0007\000\040\000p\000o\000p\000c\000o\000u\000n\000t\000\050\000\051}{subsection.6.1.3}% 52
\BOOKMARK [3][-]{subsubsection.6.1.3.8}{\376\377\0006\000.\0001\000.\0003\000.\0008\000\040\000s\000e\000t\000\137\000b\000i\000t\000\050\000\051}{subsection.6.1.3}% 53
\BOOKMARK [3][-]{subsubsection.6.1.3.9}{\376\377\0006\000.\0001\000.\0003\000.\0009\000\040\000s\000e\000t\000\137\000b\000i\000t\000\137\000i\000f\000\137\000i\000n\000d\000e\000x\000\137\000v\000a\000l\000i\000d\000\050\000\051}{subsection.6.1.3}% 54
\BOOKMARK [3][-]{subsubsection.6.1.3.10}{\376\377\0006\000.\0001\000.\0003\000.\0001\0000\000\040\000s\000i\000n\000g\000l\000e\000\137\000s\000q\000u\000a\000r\000e\000\137\000s\000e\000t\000\050\000\051}{subsection.6.1.3}% 55
\BOOKMARK [3][-]{subsubsection.6.1.3.11}{\376\377\0006\000.\0001\000.\0003\000.\0001\0001\000\040\000u\000n\000s\000e\000t\000\137\000b\000i\000t\000\050\000\051}{subsection.6.1.3}% 56
\BOOKMARK [1][-]{section.6.2}{\376\377\0006\000.\0002\000\040\000D\000a\000g\000o\000r\000:\000:\000M\000o\000v\000e\000T\000a\000b\000l\000e\000s\000:\000:\000B\000l\000o\000c\000k\000e\000r\000H\000a\000s\000h\000\040\000C\000l\000a\000s\000s\000\040\000R\000e\000f\000e\000r\000e\000n\000c\000e}{chapter.6}% 57
\BOOKMARK [2][-]{subsection.6.2.1}{\376\377\0006\000.\0002\000.\0001\000\040\000D\000e\000t\000a\000i\000l\000e\000d\000\040\000D\000e\000s\000c\000r\000i\000p\000t\000i\000o\000n}{section.6.2}% 58
\BOOKMARK [2][-]{subsection.6.2.2}{\376\377\0006\000.\0002\000.\0002\000\040\000C\000o\000n\000s\000t\000r\000u\000c\000t\000o\000r\000\040\000\046\000\040\000D\000e\000s\000t\000r\000u\000c\000t\000o\000r\000\040\000D\000o\000c\000u\000m\000e\000n\000t\000a\000t\000i\000o\000n}{section.6.2}% 59
\BOOKMARK [3][-]{subsubsection.6.2.2.1}{\376\377\0006\000.\0002\000.\0002\000.\0001\000\040\000B\000l\000o\000c\000k\000e\000r\000H\000a\000s\000h\000\050\000\051}{subsection.6.2.2}% 60
\BOOKMARK [2][-]{subsection.6.2.3}{\376\377\0006\000.\0002\000.\0003\000\040\000M\000e\000m\000b\000e\000r\000\040\000F\000u\000n\000c\000t\000i\000o\000n\000\040\000D\000o\000c\000u\000m\000e\000n\000t\000a\000t\000i\000o\000n}{section.6.2}% 61
\BOOKMARK [3][-]{subsubsection.6.2.3.1}{\376\377\0006\000.\0002\000.\0003\000.\0001\000\040\000h\000a\000s\000h\000\050\000\051}{subsection.6.2.3}% 62
\BOOKMARK [3][-]{subsubsection.6.2.3.2}{\376\377\0006\000.\0002\000.\0003\000.\0002\000\040\000l\000o\000o\000k\000U\000p\000\050\000\051}{subsection.6.2.3}% 63
\BOOKMARK [2][-]{subsection.6.2.4}{\376\377\0006\000.\0002\000.\0004\000\040\000M\000e\000m\000b\000e\000r\000\040\000D\000a\000t\000a\000\040\000D\000o\000c\000u\000m\000e\000n\000t\000a\000t\000i\000o\000n}{section.6.2}% 64
\BOOKMARK [3][-]{subsubsection.6.2.4.1}{\376\377\0006\000.\0002\000.\0004\000.\0001\000\040\000b\000l\000o\000c\000k\000e\000r\000M\000a\000s\000k}{subsection.6.2.4}% 65
\BOOKMARK [3][-]{subsubsection.6.2.4.2}{\376\377\0006\000.\0002\000.\0004\000.\0002\000\040\000d\000o\000w\000n\000S\000h\000i\000f\000t}{subsection.6.2.4}% 66
\BOOKMARK [3][-]{subsubsection.6.2.4.3}{\376\377\0006\000.\0002\000.\0004\000.\0003\000\040\000m\000a\000g\000i\000c}{subsection.6.2.4}% 67
\BOOKMARK [3][-]{subsubsection.6.2.4.4}{\376\377\0006\000.\0002\000.\0004\000.\0004\000\040\000t\000a\000b\000l\000e\000O\000f\000f\000s\000e\000t}{subsection.6.2.4}% 68
\BOOKMARK [0][-]{chapter.7}{\376\377\0007\000\040\000F\000i\000l\000e\000\040\000D\000o\000c\000u\000m\000e\000n\000t\000a\000t\000i\000o\000n}{}% 69
\BOOKMARK [1][-]{section.7.1}{\376\377\0007\000.\0001\000\040\000b\000i\000t\000b\000o\000a\000r\000d\000.\000c\000p\000p\000\040\000F\000i\000l\000e\000\040\000R\000e\000f\000e\000r\000e\000n\000c\000e}{chapter.7}% 70
\BOOKMARK [1][-]{section.7.2}{\376\377\0007\000.\0002\000\040\000b\000i\000t\000b\000o\000a\000r\000d\000.\000h\000\040\000F\000i\000l\000e\000\040\000R\000e\000f\000e\000r\000e\000n\000c\000e}{chapter.7}% 71
\BOOKMARK [1][-]{section.7.3}{\376\377\0007\000.\0003\000\040\000b\000i\000t\000b\000o\000a\000r\000d\000.\000h}{chapter.7}% 72
\BOOKMARK [1][-]{section.7.4}{\376\377\0007\000.\0004\000\040\000b\000o\000a\000r\000d\000.\000h\000\040\000F\000i\000l\000e\000\040\000R\000e\000f\000e\000r\000e\000n\000c\000e}{chapter.7}% 73
\BOOKMARK [1][-]{section.7.5}{\376\377\0007\000.\0005\000\040\000b\000o\000a\000r\000d\000.\000h}{chapter.7}% 74
\BOOKMARK [1][-]{section.7.6}{\376\377\0007\000.\0006\000\040\000c\000o\000n\000s\000t\000a\000n\000t\000s\000.\000h\000\040\000F\000i\000l\000e\000\040\000R\000e\000f\000e\000r\000e\000n\000c\000e}{chapter.7}% 75
\BOOKMARK [2][-]{subsection.7.6.1}{\376\377\0007\000.\0006\000.\0001\000\040\000E\000n\000u\000m\000e\000r\000a\000t\000i\000o\000n\000\040\000T\000y\000p\000e\000\040\000D\000o\000c\000u\000m\000e\000n\000t\000a\000t\000i\000o\000n}{section.7.6}% 76
\BOOKMARK [3][-]{subsubsection.7.6.1.1}{\376\377\0007\000.\0006\000.\0001\000.\0001\000\040\000C\000o\000l\000o\000r}{subsection.7.6.1}% 77
\BOOKMARK [1][-]{section.7.7}{\376\377\0007\000.\0007\000\040\000c\000o\000n\000s\000t\000a\000n\000t\000s\000.\000h}{chapter.7}% 78
\BOOKMARK [1][-]{section.7.8}{\376\377\0007\000.\0008\000\040\000g\000e\000n\000e\000r\000a\000t\000e\000\137\000m\000o\000v\000e\000t\000a\000b\000l\000e\000s\000.\000c\000p\000p\000\040\000F\000i\000l\000e\000\040\000R\000e\000f\000e\000r\000e\000n\000c\000e}{chapter.7}% 79
\BOOKMARK [2][-]{subsection.7.8.1}{\376\377\0007\000.\0008\000.\0001\000\040\000D\000e\000t\000a\000i\000l\000e\000d\000\040\000D\000e\000s\000c\000r\000i\000p\000t\000i\000o\000n}{section.7.8}% 80
\BOOKMARK [2][-]{subsection.7.8.2}{\376\377\0007\000.\0008\000.\0002\000\040\000F\000u\000n\000c\000t\000i\000o\000n\000\040\000D\000o\000c\000u\000m\000e\000n\000t\000a\000t\000i\000o\000n}{section.7.8}% 81
\BOOKMARK [3][-]{subsubsection.7.8.2.1}{\376\377\0007\000.\0008\000.\0002\000.\0001\000\040\000b\000i\000s\000h\000o\000p\000B\000l\000o\000c\000k\000e\000r\000s\000\050\000\051}{subsection.7.8.2}% 82
\BOOKMARK [3][-]{subsubsection.7.8.2.2}{\376\377\0007\000.\0008\000.\0002\000.\0002\000\040\000b\000i\000s\000h\000o\000p\000M\000o\000v\000e\000R\000a\000y\000\050\000\051}{subsection.7.8.2}% 83
\BOOKMARK [3][-]{subsubsection.7.8.2.3}{\376\377\0007\000.\0008\000.\0002\000.\0003\000\040\000b\000i\000s\000h\000o\000p\000M\000o\000v\000e\000s\000\050\000\051}{subsection.7.8.2}% 84
\BOOKMARK [3][-]{subsubsection.7.8.2.4}{\376\377\0007\000.\0008\000.\0002\000.\0004\000\040\000f\000i\000n\000d\000P\000e\000r\000f\000e\000c\000t\000H\000a\000s\000h\000\050\000\051}{subsection.7.8.2}% 85
\BOOKMARK [3][-]{subsubsection.7.8.2.5}{\376\377\0007\000.\0008\000.\0002\000.\0005\000\040\000g\000e\000n\000e\000r\000a\000t\000e\000P\000o\000s\000s\000i\000b\000l\000e\000B\000l\000o\000c\000k\000e\000r\000s\000\050\000\051}{subsection.7.8.2}% 86
\BOOKMARK [3][-]{subsubsection.7.8.2.6}{\376\377\0007\000.\0008\000.\0002\000.\0006\000\040\000k\000i\000n\000g\000M\000o\000v\000e\000\050\000\051}{subsection.7.8.2}% 87
\BOOKMARK [3][-]{subsubsection.7.8.2.7}{\376\377\0007\000.\0008\000.\0002\000.\0007\000\040\000k\000n\000i\000g\000h\000t\000M\000o\000v\000e\000\050\000\051}{subsection.7.8.2}% 88
\BOOKMARK [3][-]{subsubsection.7.8.2.8}{\376\377\0007\000.\0008\000.\0002\000.\0008\000\040\000m\000a\000i\000n\000\050\000\051}{subsection.7.8.2}% 89
\BOOKMARK [3][-]{subsubsection.7.8.2.9}{\376\377\0007\000.\0008\000.\0002\000.\0009\000\040\000p\000a\000w\000n\000A\000t\000t\000a\000c\000k\000\050\000\051}{subsection.7.8.2}% 90
\BOOKMARK [3][-]{subsubsection.7.8.2.10}{\376\377\0007\000.\0008\000.\0002\000.\0001\0000\000\040\000r\000a\000n\000d\000o\000m\000F\000e\000w\000B\000i\000t\000s\000S\000e\000t\000\050\000\051}{subsection.7.8.2}% 91
\BOOKMARK [3][-]{subsubsection.7.8.2.11}{\376\377\0007\000.\0008\000.\0002\000.\0001\0001\000\040\000r\000a\000n\000d\000o\000m\000L\000o\000n\000g\000\050\000\051}{subsection.7.8.2}% 92
\BOOKMARK [3][-]{subsubsection.7.8.2.12}{\376\377\0007\000.\0008\000.\0002\000.\0001\0002\000\040\000r\000o\000o\000k\000B\000l\000o\000c\000k\000e\000r\000s\000\050\000\051}{subsection.7.8.2}% 93
\BOOKMARK [3][-]{subsubsection.7.8.2.13}{\376\377\0007\000.\0008\000.\0002\000.\0001\0003\000\040\000r\000o\000o\000k\000M\000o\000v\000e\000R\000a\000y\000\050\000\051}{subsection.7.8.2}% 94
\BOOKMARK [3][-]{subsubsection.7.8.2.14}{\376\377\0007\000.\0008\000.\0002\000.\0001\0004\000\040\000r\000o\000o\000k\000M\000o\000v\000e\000s\000\050\000\051}{subsection.7.8.2}% 95
\BOOKMARK [3][-]{subsubsection.7.8.2.15}{\376\377\0007\000.\0008\000.\0002\000.\0001\0005\000\040\000s\000p\000r\000e\000a\000d\000B\000i\000t\000s\000I\000n\000M\000a\000s\000k\000\050\000\051}{subsection.7.8.2}% 96
\BOOKMARK [3][-]{subsubsection.7.8.2.16}{\376\377\0007\000.\0008\000.\0002\000.\0001\0006\000\040\000w\000r\000i\000t\000e\000H\000a\000s\000h\000\050\000\051}{subsection.7.8.2}% 97
\BOOKMARK [3][-]{subsubsection.7.8.2.17}{\376\377\0007\000.\0008\000.\0002\000.\0001\0007\000\040\000w\000r\000i\000t\000e\000H\000a\000s\000h\000e\000s\000\050\000\051}{subsection.7.8.2}% 98
\BOOKMARK [3][-]{subsubsection.7.8.2.18}{\376\377\0007\000.\0008\000.\0002\000.\0001\0008\000\040\000w\000r\000i\000t\000e\000K\000i\000n\000g\000M\000o\000v\000e\000s\000\050\000\051}{subsection.7.8.2}% 99
\BOOKMARK [3][-]{subsubsection.7.8.2.19}{\376\377\0007\000.\0008\000.\0002\000.\0001\0009\000\040\000w\000r\000i\000t\000e\000K\000n\000i\000g\000h\000t\000M\000o\000v\000e\000s\000\050\000\051}{subsection.7.8.2}% 100
\BOOKMARK [3][-]{subsubsection.7.8.2.20}{\376\377\0007\000.\0008\000.\0002\000.\0002\0000\000\040\000w\000r\000i\000t\000e\000P\000a\000w\000n\000A\000t\000t\000a\000c\000k\000s\000\050\000\051}{subsection.7.8.2}% 101
\BOOKMARK [1][-]{section.7.9}{\376\377\0007\000.\0009\000\040\000m\000a\000i\000n\000.\000c\000p\000p\000\040\000F\000i\000l\000e\000\040\000R\000e\000f\000e\000r\000e\000n\000c\000e}{chapter.7}% 102
\BOOKMARK [2][-]{subsection.7.9.1}{\376\377\0007\000.\0009\000.\0001\000\040\000F\000u\000n\000c\000t\000i\000o\000n\000\040\000D\000o\000c\000u\000m\000e\000n\000t\000a\000t\000i\000o\000n}{section.7.9}% 103
\BOOKMARK [3][-]{subsubsection.7.9.1.1}{\376\377\0007\000.\0009\000.\0001\000.\0001\000\040\000m\000a\000i\000n\000\050\000\051}{subsection.7.9.1}% 104
\BOOKMARK [1][-]{section.7.10}{\376\377\0007\000.\0001\0000\000\040\000m\000o\000v\000e\000t\000a\000b\000l\000e\000s\000.\000c\000p\000p\000\040\000F\000i\000l\000e\000\040\000R\000e\000f\000e\000r\000e\000n\000c\000e}{chapter.7}% 105
\BOOKMARK [1][-]{section.7.11}{\376\377\0007\000.\0001\0001\000\040\000m\000o\000v\000e\000t\000a\000b\000l\000e\000s\000.\000h\000\040\000F\000i\000l\000e\000\040\000R\000e\000f\000e\000r\000e\000n\000c\000e}{chapter.7}% 106
\BOOKMARK [1][-]{section.7.12}{\376\377\0007\000.\0001\0002\000\040\000m\000o\000v\000e\000t\000a\000b\000l\000e\000s\000.\000h}{chapter.7}% 107
\BOOKMARK [1][-]{section.7.13}{\376\377\0007\000.\0001\0003\000\040\000p\000r\000i\000n\000t\000.\000c\000p\000p\000\040\000F\000i\000l\000e\000\040\000R\000e\000f\000e\000r\000e\000n\000c\000e}{chapter.7}% 108
\BOOKMARK [1][-]{section.7.14}{\376\377\0007\000.\0001\0004\000\040\000p\000r\000i\000n\000t\000.\000h\000\040\000F\000i\000l\000e\000\040\000R\000e\000f\000e\000r\000e\000n\000c\000e}{chapter.7}% 109
\BOOKMARK [1][-]{section.7.15}{\376\377\0007\000.\0001\0005\000\040\000p\000r\000i\000n\000t\000.\000h}{chapter.7}% 110
\BOOKMARK [1][-]{section.7.16}{\376\377\0007\000.\0001\0006\000\040\000R\000e\000a\000d\000m\000e\000.\000m\000d\000\040\000F\000i\000l\000e\000\040\000R\000e\000f\000e\000r\000e\000n\000c\000e}{chapter.7}% 111
\BOOKMARK [0][-]{section*.31}{\376\377\000I\000n\000d\000e\000x}{}% 112
