This is XeTeX, Version 3.141592653-2.6-0.999995 (TeX Live 2023/Fedora 40) (preloaded format=xelatex 2024.5.31)  31 MAY 2024 22:19
entering extended mode
 restricted \write18 enabled.
 %&-line parsing enabled.
**docs/latex/refman.tex
(./docs/latex/refman.tex
LaTeX2e <2022-11-01> patch level 1
L3 programming layer <2023-02-22>
! Undefined control sequence.
l.4   \pdfminorversion
                      =7 
Here is how much of TeX's memory you used:
 18 strings out of 477887
 383 string characters out of 5827408
 1842018 words of memory out of 6000000
 20314 multiletter control sequences out of 15000+600000
 512287 words of font info for 32 fonts, out of 8000000 for 9000
 430 hyphenation exceptions out of 8191
 12i,0n,12p,90b,10s stack positions out of 10000i,1000n,20000p,200000b,200000s

No pages of output.
